This file contains any messages produced by compilers while
running configure, to aid debugging if configure makes a mistake.

It was created by rcsslogplayer configure 15.2.1, which was
generated by GNU Autoconf 2.69.  Invocation command line was

  $ ./configure --no-create --no-recursion

## --------- ##
## Platform. ##
## --------- ##

hostname = rickypc
uname -m = x86_64
uname -r = 5.3.0-51-generic
uname -s = Linux
uname -v = #44~18.04.2-Ubuntu SMP Thu Apr 23 14:27:18 UTC 2020

/usr/bin/uname -p = unknown
/bin/uname -X     = unknown

/bin/arch              = unknown
/usr/bin/arch -k       = unknown
/usr/convex/getsysinfo = unknown
/usr/bin/hostinfo      = unknown
/bin/machine           = unknown
/usr/bin/oslevel       = unknown
/bin/universe          = unknown

PATH: /home/ricky/Documents/UCL/MSc/football/venv/bin
PATH: /home/ricky/.local/bin
PATH: /usr/local/sbin
PATH: /usr/local/bin
PATH: /usr/sbin
PATH: /usr/bin
PATH: /sbin
PATH: /bin
PATH: /usr/games
PATH: /usr/local/games
PATH: /snap/bin


## ----------- ##
## Core tests. ##
## ----------- ##

configure:2641: checking for a BSD-compatible install
configure:2709: result: /usr/bin/install -c
configure:2720: checking whether build environment is sane
configure:2775: result: yes
configure:2926: checking for a thread-safe mkdir -p
configure:2965: result: /bin/mkdir -p
configure:2972: checking for gawk
configure:3002: result: no
configure:2972: checking for mawk
configure:2988: found /usr/bin/mawk
configure:2999: result: mawk
configure:3010: checking whether make sets $(MAKE)
configure:3032: result: yes
configure:3061: checking whether make supports nested variables
configure:3078: result: yes
configure:3271: checking for g++
configure:3287: found /usr/bin/g++
configure:3298: result: g++
configure:3325: checking for C++ compiler version
configure:3334: g++ --version >&5
g++ (Ubuntu 7.5.0-3ubuntu1~18.04) 7.5.0
Copyright (C) 2017 Free Software Foundation, Inc.
This is free software; see the source for copying conditions.  There is NO
warranty; not even for MERCHANTABILITY or FITNESS FOR A PARTICULAR PURPOSE.

configure:3345: $? = 0
configure:3334: g++ -v >&5
Using built-in specs.
COLLECT_GCC=g++
COLLECT_LTO_WRAPPER=/usr/lib/gcc/x86_64-linux-gnu/7/lto-wrapper
OFFLOAD_TARGET_NAMES=nvptx-none
OFFLOAD_TARGET_DEFAULT=1
Target: x86_64-linux-gnu
Configured with: ../src/configure -v --with-pkgversion='Ubuntu 7.5.0-3ubuntu1~18.04' --with-bugurl=file:///usr/share/doc/gcc-7/README.Bugs --enable-languages=c,ada,c++,go,brig,d,fortran,objc,obj-c++ --prefix=/usr --with-gcc-major-version-only --program-suffix=-7 --program-prefix=x86_64-linux-gnu- --enable-shared --enable-linker-build-id --libexecdir=/usr/lib --without-included-gettext --enable-threads=posix --libdir=/usr/lib --enable-nls --enable-bootstrap --enable-clocale=gnu --enable-libstdcxx-debug --enable-libstdcxx-time=yes --with-default-libstdcxx-abi=new --enable-gnu-unique-object --disable-vtable-verify --enable-libmpx --enable-plugin --enable-default-pie --with-system-zlib --with-target-system-zlib --enable-objc-gc=auto --enable-multiarch --disable-werror --with-arch-32=i686 --with-abi=m64 --with-multilib-list=m32,m64,mx32 --enable-multilib --with-tune=generic --enable-offload-targets=nvptx-none --without-cuda-driver --enable-checking=release --build=x86_64-linux-gnu --host=x86_64-linux-gnu --target=x86_64-linux-gnu
Thread model: posix
gcc version 7.5.0 (Ubuntu 7.5.0-3ubuntu1~18.04) 
configure:3345: $? = 0
configure:3334: g++ -V >&5
g++: error: unrecognized command line option '-V'
g++: fatal error: no input files
compilation terminated.
configure:3345: $? = 1
configure:3334: g++ -qversion >&5
g++: error: unrecognized command line option '-qversion'; did you mean '--version'?
g++: fatal error: no input files
compilation terminated.
configure:3345: $? = 1
configure:3365: checking whether the C++ compiler works
configure:3387: g++    conftest.cpp  >&5
configure:3391: $? = 0
configure:3439: result: yes
configure:3442: checking for C++ compiler default output file name
configure:3444: result: a.out
configure:3450: checking for suffix of executables
configure:3457: g++ -o conftest    conftest.cpp  >&5
configure:3461: $? = 0
configure:3483: result: 
configure:3505: checking whether we are cross compiling
configure:3513: g++ -o conftest    conftest.cpp  >&5
configure:3517: $? = 0
configure:3524: ./conftest
configure:3528: $? = 0
configure:3543: result: no
configure:3548: checking for suffix of object files
configure:3570: g++ -c   conftest.cpp >&5
configure:3574: $? = 0
configure:3595: result: o
configure:3599: checking whether we are using the GNU C++ compiler
configure:3618: g++ -c   conftest.cpp >&5
configure:3618: $? = 0
configure:3627: result: yes
configure:3636: checking whether g++ accepts -g
configure:3656: g++ -c -g  conftest.cpp >&5
configure:3656: $? = 0
configure:3697: result: yes
configure:3731: checking for style of include used by make
configure:3759: result: GNU
configure:3785: checking dependency style of g++
configure:3896: result: gcc3
configure:3915: checking for gawk
configure:3942: result: mawk
configure:4001: checking for gcc
configure:4017: found /usr/bin/gcc
configure:4028: result: gcc
configure:4257: checking for C compiler version
configure:4266: gcc --version >&5
gcc (Ubuntu 7.5.0-3ubuntu1~18.04) 7.5.0
Copyright (C) 2017 Free Software Foundation, Inc.
This is free software; see the source for copying conditions.  There is NO
warranty; not even for MERCHANTABILITY or FITNESS FOR A PARTICULAR PURPOSE.

configure:4277: $? = 0
configure:4266: gcc -v >&5
Using built-in specs.
COLLECT_GCC=gcc
COLLECT_LTO_WRAPPER=/usr/lib/gcc/x86_64-linux-gnu/7/lto-wrapper
OFFLOAD_TARGET_NAMES=nvptx-none
OFFLOAD_TARGET_DEFAULT=1
Target: x86_64-linux-gnu
Configured with: ../src/configure -v --with-pkgversion='Ubuntu 7.5.0-3ubuntu1~18.04' --with-bugurl=file:///usr/share/doc/gcc-7/README.Bugs --enable-languages=c,ada,c++,go,brig,d,fortran,objc,obj-c++ --prefix=/usr --with-gcc-major-version-only --program-suffix=-7 --program-prefix=x86_64-linux-gnu- --enable-shared --enable-linker-build-id --libexecdir=/usr/lib --without-included-gettext --enable-threads=posix --libdir=/usr/lib --enable-nls --enable-bootstrap --enable-clocale=gnu --enable-libstdcxx-debug --enable-libstdcxx-time=yes --with-default-libstdcxx-abi=new --enable-gnu-unique-object --disable-vtable-verify --enable-libmpx --enable-plugin --enable-default-pie --with-system-zlib --with-target-system-zlib --enable-objc-gc=auto --enable-multiarch --disable-werror --with-arch-32=i686 --with-abi=m64 --with-multilib-list=m32,m64,mx32 --enable-multilib --with-tune=generic --enable-offload-targets=nvptx-none --without-cuda-driver --enable-checking=release --build=x86_64-linux-gnu --host=x86_64-linux-gnu --target=x86_64-linux-gnu
Thread model: posix
gcc version 7.5.0 (Ubuntu 7.5.0-3ubuntu1~18.04) 
configure:4277: $? = 0
configure:4266: gcc -V >&5
gcc: error: unrecognized command line option '-V'
gcc: fatal error: no input files
compilation terminated.
configure:4277: $? = 1
configure:4266: gcc -qversion >&5
gcc: error: unrecognized command line option '-qversion'; did you mean '--version'?
gcc: fatal error: no input files
compilation terminated.
configure:4277: $? = 1
configure:4281: checking whether we are using the GNU C compiler
configure:4300: gcc -c   conftest.c >&5
configure:4300: $? = 0
configure:4309: result: yes
configure:4318: checking whether gcc accepts -g
configure:4338: gcc -c -g  conftest.c >&5
configure:4338: $? = 0
configure:4379: result: yes
configure:4396: checking for gcc option to accept ISO C89
configure:4459: gcc  -c -g -O2  conftest.c >&5
configure:4459: $? = 0
configure:4472: result: none needed
configure:4497: checking whether gcc understands -c and -o together
configure:4519: gcc -c conftest.c -o conftest2.o
configure:4522: $? = 0
configure:4519: gcc -c conftest.c -o conftest2.o
configure:4522: $? = 0
configure:4534: result: yes
configure:4553: checking dependency style of gcc
configure:4664: result: gcc3
configure:4684: checking how to run the C preprocessor
configure:4715: gcc -E  conftest.c
configure:4715: $? = 0
configure:4729: gcc -E  conftest.c
conftest.c:11:10: fatal error: ac_nonexistent.h: No such file or directory
 #include <ac_nonexistent.h>
          ^~~~~~~~~~~~~~~~~~
compilation terminated.
configure:4729: $? = 1
configure: failed program was:
| /* confdefs.h */
| #define PACKAGE_NAME "rcsslogplayer"
| #define PACKAGE_TARNAME "rcsslogplayer"
| #define PACKAGE_VERSION "15.2.1"
| #define PACKAGE_STRING "rcsslogplayer 15.2.1"
| #define PACKAGE_BUGREPORT "sserver-admin@users.sf.net"
| #define PACKAGE_URL ""
| #define PACKAGE "rcsslogplayer"
| #define VERSION "15.2.1"
| /* end confdefs.h.  */
| #include <ac_nonexistent.h>
configure:4754: result: gcc -E
configure:4774: gcc -E  conftest.c
configure:4774: $? = 0
configure:4788: gcc -E  conftest.c
conftest.c:11:10: fatal error: ac_nonexistent.h: No such file or directory
 #include <ac_nonexistent.h>
          ^~~~~~~~~~~~~~~~~~
compilation terminated.
configure:4788: $? = 1
configure: failed program was:
| /* confdefs.h */
| #define PACKAGE_NAME "rcsslogplayer"
| #define PACKAGE_TARNAME "rcsslogplayer"
| #define PACKAGE_VERSION "15.2.1"
| #define PACKAGE_STRING "rcsslogplayer 15.2.1"
| #define PACKAGE_BUGREPORT "sserver-admin@users.sf.net"
| #define PACKAGE_URL ""
| #define PACKAGE "rcsslogplayer"
| #define VERSION "15.2.1"
| /* end confdefs.h.  */
| #include <ac_nonexistent.h>
configure:4817: checking whether ln -s works
configure:4821: result: yes
configure:4828: checking whether make sets $(MAKE)
configure:4850: result: yes
configure:4865: checking for cos in -lm
configure:4890: gcc -o conftest -g -O2   conftest.c -lm   >&5
conftest.c:18:6: warning: conflicting types for built-in function 'cos' [-Wbuiltin-declaration-mismatch]
 char cos ();
      ^~~
configure:4890: $? = 0
configure:4899: result: yes
configure:4907: checking for deflate in -lz
configure:4932: gcc -o conftest -g -O2   conftest.c -lz  -lm  >&5
configure:4932: $? = 0
configure:4941: result: yes
configure:4958: checking for grep that handles long lines and -e
configure:5016: result: /bin/grep
configure:5021: checking for egrep
configure:5083: result: /bin/grep -E
configure:5088: checking for ANSI C header files
configure:5108: gcc -c -g -O2  conftest.c >&5
configure:5108: $? = 0
configure:5181: gcc -o conftest -g -O2   conftest.c -lz -lm  >&5
configure:5181: $? = 0
configure:5181: ./conftest
configure:5181: $? = 0
configure:5192: result: yes
configure:5205: checking for sys/types.h
configure:5205: gcc -c -g -O2  conftest.c >&5
configure:5205: $? = 0
configure:5205: result: yes
configure:5205: checking for sys/stat.h
configure:5205: gcc -c -g -O2  conftest.c >&5
configure:5205: $? = 0
configure:5205: result: yes
configure:5205: checking for stdlib.h
configure:5205: gcc -c -g -O2  conftest.c >&5
configure:5205: $? = 0
configure:5205: result: yes
configure:5205: checking for string.h
configure:5205: gcc -c -g -O2  conftest.c >&5
configure:5205: $? = 0
configure:5205: result: yes
configure:5205: checking for memory.h
configure:5205: gcc -c -g -O2  conftest.c >&5
configure:5205: $? = 0
configure:5205: result: yes
configure:5205: checking for strings.h
configure:5205: gcc -c -g -O2  conftest.c >&5
configure:5205: $? = 0
configure:5205: result: yes
configure:5205: checking for inttypes.h
configure:5205: gcc -c -g -O2  conftest.c >&5
configure:5205: $? = 0
configure:5205: result: yes
configure:5205: checking for stdint.h
configure:5205: gcc -c -g -O2  conftest.c >&5
configure:5205: $? = 0
configure:5205: result: yes
configure:5205: checking for unistd.h
configure:5205: gcc -c -g -O2  conftest.c >&5
configure:5205: $? = 0
configure:5205: result: yes
configure:5220: checking arpa/inet.h usability
configure:5220: gcc -c -g -O2  conftest.c >&5
configure:5220: $? = 0
configure:5220: result: yes
configure:5220: checking arpa/inet.h presence
configure:5220: gcc -E  conftest.c
configure:5220: $? = 0
configure:5220: result: yes
configure:5220: checking for arpa/inet.h
configure:5220: result: yes
configure:5220: checking fcntl.h usability
configure:5220: gcc -c -g -O2  conftest.c >&5
configure:5220: $? = 0
configure:5220: result: yes
configure:5220: checking fcntl.h presence
configure:5220: gcc -E  conftest.c
configure:5220: $? = 0
configure:5220: result: yes
configure:5220: checking for fcntl.h
configure:5220: result: yes
configure:5220: checking netdb.h usability
configure:5220: gcc -c -g -O2  conftest.c >&5
configure:5220: $? = 0
configure:5220: result: yes
configure:5220: checking netdb.h presence
configure:5220: gcc -E  conftest.c
configure:5220: $? = 0
configure:5220: result: yes
configure:5220: checking for netdb.h
configure:5220: result: yes
configure:5233: checking netinet/in.h usability
configure:5233: gcc -c -g -O2  conftest.c >&5
configure:5233: $? = 0
configure:5233: result: yes
configure:5233: checking netinet/in.h presence
configure:5233: gcc -E  conftest.c
configure:5233: $? = 0
configure:5233: result: yes
configure:5233: checking for netinet/in.h
configure:5233: result: yes
configure:5233: checking sys/time.h usability
configure:5233: gcc -c -g -O2  conftest.c >&5
configure:5233: $? = 0
configure:5233: result: yes
configure:5233: checking sys/time.h presence
configure:5233: gcc -E  conftest.c
configure:5233: $? = 0
configure:5233: result: yes
configure:5233: checking for sys/time.h
configure:5233: result: yes
configure:5233: checking for unistd.h
configure:5233: result: yes
configure:5342: checking build system type
configure:5356: result: x86_64-pc-linux-gnu
configure:5376: checking host system type
configure:5389: result: x86_64-pc-linux-gnu
configure:5430: checking how to print strings
configure:5457: result: printf
configure:5478: checking for a sed that does not truncate output
configure:5542: result: /bin/sed
configure:5560: checking for fgrep
configure:5622: result: /bin/grep -F
configure:5657: checking for ld used by gcc
configure:5724: result: /usr/bin/ld
configure:5731: checking if the linker (/usr/bin/ld) is GNU ld
configure:5746: result: yes
configure:5758: checking for BSD- or MS-compatible name lister (nm)
configure:5812: result: /usr/bin/nm -B
configure:5942: checking the name lister (/usr/bin/nm -B) interface
configure:5949: gcc -c -g -O2  conftest.c >&5
configure:5952: /usr/bin/nm -B "conftest.o"
configure:5955: output
0000000000000000 B some_variable
configure:5962: result: BSD nm
configure:5966: checking the maximum length of command line arguments
configure:6097: result: 1572864
configure:6145: checking how to convert x86_64-pc-linux-gnu file names to x86_64-pc-linux-gnu format
configure:6185: result: func_convert_file_noop
configure:6192: checking how to convert x86_64-pc-linux-gnu file names to toolchain format
configure:6212: result: func_convert_file_noop
configure:6219: checking for /usr/bin/ld option to reload object files
configure:6226: result: -r
configure:6300: checking for objdump
configure:6316: found /usr/bin/objdump
configure:6327: result: objdump
configure:6359: checking how to recognize dependent libraries
configure:6559: result: pass_all
configure:6644: checking for dlltool
configure:6674: result: no
configure:6704: checking how to associate runtime and link libraries
configure:6731: result: printf %s\n
configure:6791: checking for ar
configure:6807: found /usr/bin/ar
configure:6818: result: ar
configure:6855: checking for archiver @FILE support
configure:6872: gcc -c -g -O2  conftest.c >&5
configure:6872: $? = 0
configure:6875: ar cru libconftest.a @conftest.lst >&5
ar: `u' modifier ignored since `D' is the default (see `U')
configure:6878: $? = 0
configure:6883: ar cru libconftest.a @conftest.lst >&5
ar: `u' modifier ignored since `D' is the default (see `U')
ar: conftest.o: No such file or directory
configure:6886: $? = 1
configure:6898: result: @
configure:6956: checking for strip
configure:6972: found /usr/bin/strip
configure:6983: result: strip
configure:7055: checking for ranlib
configure:7071: found /usr/bin/ranlib
configure:7082: result: ranlib
configure:7184: checking command to parse /usr/bin/nm -B output from gcc object
configure:7337: gcc -c -g -O2  conftest.c >&5
configure:7340: $? = 0
configure:7344: /usr/bin/nm -B conftest.o \| sed -n -e 's/^.*[ ]\([ABCDGIRSTW][ABCDGIRSTW]*\)[ ][ ]*\([_A-Za-z][_A-Za-z0-9]*\)$/\1 \2 \2/p' | sed '/ __gnu_lto/d' \> conftest.nm
configure:7347: $? = 0
configure:7413: gcc -o conftest -g -O2   conftest.c conftstm.o >&5
configure:7416: $? = 0
configure:7454: result: ok
configure:7501: checking for sysroot
configure:7531: result: no
configure:7538: checking for a working dd
configure:7576: result: /bin/dd
configure:7580: checking how to truncate binary pipes
configure:7595: result: /bin/dd bs=4096 count=1
configure:7731: gcc -c -g -O2  conftest.c >&5
configure:7734: $? = 0
configure:7924: checking for mt
configure:7940: found /bin/mt
configure:7951: result: mt
configure:7974: checking if mt is a manifest tool
configure:7980: mt '-?'
configure:7988: result: no
configure:8662: checking for dlfcn.h
configure:8662: gcc -c -g -O2  conftest.c >&5
configure:8662: $? = 0
configure:8662: result: yes
configure:8869: checking for objdir
configure:8884: result: .libs
configure:9148: checking if gcc supports -fno-rtti -fno-exceptions
configure:9166: gcc -c -g -O2  -fno-rtti -fno-exceptions conftest.c >&5
cc1: warning: command line option '-fno-rtti' is valid for C++/ObjC++ but not for C
configure:9170: $? = 0
configure:9183: result: no
configure:9541: checking for gcc option to produce PIC
configure:9548: result: -fPIC -DPIC
configure:9556: checking if gcc PIC flag -fPIC -DPIC works
configure:9574: gcc -c -g -O2  -fPIC -DPIC -DPIC conftest.c >&5
configure:9578: $? = 0
configure:9591: result: yes
configure:9620: checking if gcc static flag -static works
configure:9648: result: yes
configure:9663: checking if gcc supports -c -o file.o
configure:9684: gcc -c -g -O2  -o out/conftest2.o conftest.c >&5
configure:9688: $? = 0
configure:9710: result: yes
configure:9718: checking if gcc supports -c -o file.o
configure:9765: result: yes
configure:9798: checking whether the gcc linker (/usr/bin/ld -m elf_x86_64) supports shared libraries
configure:11061: result: yes
configure:11098: checking whether -lc should be explicitly linked in
configure:11106: gcc -c -g -O2  conftest.c >&5
configure:11109: $? = 0
configure:11124: gcc -shared  -fPIC -DPIC conftest.o  -v -Wl,-soname -Wl,conftest -o conftest 2\>\&1 \| /bin/grep  -lc  \>/dev/null 2\>\&1
configure:11127: $? = 0
configure:11141: result: no
configure:11301: checking dynamic linker characteristics
configure:11882: gcc -o conftest -g -O2   -Wl,-rpath -Wl,/foo conftest.c -lz -lm  >&5
configure:11882: $? = 0
configure:12131: result: GNU/Linux ld.so
configure:12253: checking how to hardcode library paths into programs
configure:12278: result: immediate
configure:12826: checking whether stripping libraries is possible
configure:12831: result: yes
configure:12866: checking if libtool supports shared libraries
configure:12868: result: yes
configure:12871: checking whether to build shared libraries
configure:12896: result: yes
configure:12899: checking whether to build static libraries
configure:12903: result: no
configure:12926: checking how to run the C++ preprocessor
configure:12953: g++ -E  conftest.cpp
configure:12953: $? = 0
configure:12967: g++ -E  conftest.cpp
conftest.cpp:30:10: fatal error: ac_nonexistent.h: No such file or directory
 #include <ac_nonexistent.h>
          ^~~~~~~~~~~~~~~~~~
compilation terminated.
configure:12967: $? = 1
configure: failed program was:
| /* confdefs.h */
| #define PACKAGE_NAME "rcsslogplayer"
| #define PACKAGE_TARNAME "rcsslogplayer"
| #define PACKAGE_VERSION "15.2.1"
| #define PACKAGE_STRING "rcsslogplayer 15.2.1"
| #define PACKAGE_BUGREPORT "sserver-admin@users.sf.net"
| #define PACKAGE_URL ""
| #define PACKAGE "rcsslogplayer"
| #define VERSION "15.2.1"
| #define HAVE_LIBZ 1
| #define STDC_HEADERS 1
| #define HAVE_SYS_TYPES_H 1
| #define HAVE_SYS_STAT_H 1
| #define HAVE_STDLIB_H 1
| #define HAVE_STRING_H 1
| #define HAVE_MEMORY_H 1
| #define HAVE_STRINGS_H 1
| #define HAVE_INTTYPES_H 1
| #define HAVE_STDINT_H 1
| #define HAVE_UNISTD_H 1
| #define HAVE_ARPA_INET_H 1
| #define HAVE_FCNTL_H 1
| #define HAVE_NETDB_H 1
| #define HAVE_NETINET_IN_H 1
| #define HAVE_SYS_TIME_H 1
| #define HAVE_UNISTD_H 1
| #define HAVE_DLFCN_H 1
| #define LT_OBJDIR ".libs/"
| /* end confdefs.h.  */
| #include <ac_nonexistent.h>
configure:12992: result: g++ -E
configure:13012: g++ -E  conftest.cpp
configure:13012: $? = 0
configure:13026: g++ -E  conftest.cpp
conftest.cpp:30:10: fatal error: ac_nonexistent.h: No such file or directory
 #include <ac_nonexistent.h>
          ^~~~~~~~~~~~~~~~~~
compilation terminated.
configure:13026: $? = 1
configure: failed program was:
| /* confdefs.h */
| #define PACKAGE_NAME "rcsslogplayer"
| #define PACKAGE_TARNAME "rcsslogplayer"
| #define PACKAGE_VERSION "15.2.1"
| #define PACKAGE_STRING "rcsslogplayer 15.2.1"
| #define PACKAGE_BUGREPORT "sserver-admin@users.sf.net"
| #define PACKAGE_URL ""
| #define PACKAGE "rcsslogplayer"
| #define VERSION "15.2.1"
| #define HAVE_LIBZ 1
| #define STDC_HEADERS 1
| #define HAVE_SYS_TYPES_H 1
| #define HAVE_SYS_STAT_H 1
| #define HAVE_STDLIB_H 1
| #define HAVE_STRING_H 1
| #define HAVE_MEMORY_H 1
| #define HAVE_STRINGS_H 1
| #define HAVE_INTTYPES_H 1
| #define HAVE_STDINT_H 1
| #define HAVE_UNISTD_H 1
| #define HAVE_ARPA_INET_H 1
| #define HAVE_FCNTL_H 1
| #define HAVE_NETDB_H 1
| #define HAVE_NETINET_IN_H 1
| #define HAVE_SYS_TIME_H 1
| #define HAVE_UNISTD_H 1
| #define HAVE_DLFCN_H 1
| #define LT_OBJDIR ".libs/"
| /* end confdefs.h.  */
| #include <ac_nonexistent.h>
configure:13188: checking for ld used by g++
configure:13255: result: /usr/bin/ld -m elf_x86_64
configure:13262: checking if the linker (/usr/bin/ld -m elf_x86_64) is GNU ld
configure:13277: result: yes
configure:13332: checking whether the g++ linker (/usr/bin/ld -m elf_x86_64) supports shared libraries
configure:14405: result: yes
configure:14441: g++ -c -g -O2  conftest.cpp >&5
configure:14444: $? = 0
configure:14925: checking for g++ option to produce PIC
configure:14932: result: -fPIC -DPIC
configure:14940: checking if g++ PIC flag -fPIC -DPIC works
configure:14958: g++ -c -g -O2  -fPIC -DPIC -DPIC conftest.cpp >&5
configure:14962: $? = 0
configure:14975: result: yes
configure:14998: checking if g++ static flag -static works
configure:15026: result: yes
configure:15038: checking if g++ supports -c -o file.o
configure:15059: g++ -c -g -O2  -o out/conftest2.o conftest.cpp >&5
configure:15063: $? = 0
configure:15085: result: yes
configure:15090: checking if g++ supports -c -o file.o
configure:15137: result: yes
configure:15167: checking whether the g++ linker (/usr/bin/ld -m elf_x86_64) supports shared libraries
configure:15210: result: yes
configure:15351: checking dynamic linker characteristics
configure:16108: result: GNU/Linux ld.so
configure:16173: checking how to hardcode library paths into programs
configure:16198: result: immediate
configure:16265: checking for stdbool.h that conforms to C99
configure:16332: gcc -c -g -O2  conftest.c >&5
configure:16332: $? = 0
configure:16339: result: yes
configure:16341: checking for _Bool
configure:16341: gcc -c -g -O2  conftest.c >&5
configure:16341: $? = 0
configure:16341: gcc -c -g -O2  conftest.c >&5
conftest.c: In function 'main':
conftest.c:66:20: error: expected expression before ')' token
 if (sizeof ((_Bool)))
                    ^
configure:16341: $? = 1
configure: failed program was:
| /* confdefs.h */
| #define PACKAGE_NAME "rcsslogplayer"
| #define PACKAGE_TARNAME "rcsslogplayer"
| #define PACKAGE_VERSION "15.2.1"
| #define PACKAGE_STRING "rcsslogplayer 15.2.1"
| #define PACKAGE_BUGREPORT "sserver-admin@users.sf.net"
| #define PACKAGE_URL ""
| #define PACKAGE "rcsslogplayer"
| #define VERSION "15.2.1"
| #define HAVE_LIBZ 1
| #define STDC_HEADERS 1
| #define HAVE_SYS_TYPES_H 1
| #define HAVE_SYS_STAT_H 1
| #define HAVE_STDLIB_H 1
| #define HAVE_STRING_H 1
| #define HAVE_MEMORY_H 1
| #define HAVE_STRINGS_H 1
| #define HAVE_INTTYPES_H 1
| #define HAVE_STDINT_H 1
| #define HAVE_UNISTD_H 1
| #define HAVE_ARPA_INET_H 1
| #define HAVE_FCNTL_H 1
| #define HAVE_NETDB_H 1
| #define HAVE_NETINET_IN_H 1
| #define HAVE_SYS_TIME_H 1
| #define HAVE_UNISTD_H 1
| #define HAVE_DLFCN_H 1
| #define LT_OBJDIR ".libs/"
| /* end confdefs.h.  */
| #include <stdio.h>
| #ifdef HAVE_SYS_TYPES_H
| # include <sys/types.h>
| #endif
| #ifdef HAVE_SYS_STAT_H
| # include <sys/stat.h>
| #endif
| #ifdef STDC_HEADERS
| # include <stdlib.h>
| # include <stddef.h>
| #else
| # ifdef HAVE_STDLIB_H
| #  include <stdlib.h>
| # endif
| #endif
| #ifdef HAVE_STRING_H
| # if !defined STDC_HEADERS && defined HAVE_MEMORY_H
| #  include <memory.h>
| # endif
| # include <string.h>
| #endif
| #ifdef HAVE_STRINGS_H
| # include <strings.h>
| #endif
| #ifdef HAVE_INTTYPES_H
| # include <inttypes.h>
| #endif
| #ifdef HAVE_STDINT_H
| # include <stdint.h>
| #endif
| #ifdef HAVE_UNISTD_H
| # include <unistd.h>
| #endif
| int
| main ()
| {
| if (sizeof ((_Bool)))
| 	    return 0;
|   ;
|   return 0;
| }
configure:16341: result: yes
configure:16358: checking for an ANSI C-conforming const
configure:16424: gcc -c -g -O2  conftest.c >&5
configure:16424: $? = 0
configure:16431: result: yes
configure:16439: checking for inline
configure:16455: gcc -c -g -O2  conftest.c >&5
configure:16455: $? = 0
configure:16463: result: inline
configure:16481: checking for int16_t
configure:16481: gcc -c -g -O2  conftest.c >&5
configure:16481: $? = 0
configure:16481: gcc -c -g -O2  conftest.c >&5
conftest.c: In function 'main':
conftest.c:69:12: error: size of array 'test_array' is negative
 static int test_array [1 - 2 * !((int16_t) (((((int16_t) 1 << N) << N) - 1) * 2 + 1)
            ^~~~~~~~~~
configure:16481: $? = 1
configure: failed program was:
| /* confdefs.h */
| #define PACKAGE_NAME "rcsslogplayer"
| #define PACKAGE_TARNAME "rcsslogplayer"
| #define PACKAGE_VERSION "15.2.1"
| #define PACKAGE_STRING "rcsslogplayer 15.2.1"
| #define PACKAGE_BUGREPORT "sserver-admin@users.sf.net"
| #define PACKAGE_URL ""
| #define PACKAGE "rcsslogplayer"
| #define VERSION "15.2.1"
| #define HAVE_LIBZ 1
| #define STDC_HEADERS 1
| #define HAVE_SYS_TYPES_H 1
| #define HAVE_SYS_STAT_H 1
| #define HAVE_STDLIB_H 1
| #define HAVE_STRING_H 1
| #define HAVE_MEMORY_H 1
| #define HAVE_STRINGS_H 1
| #define HAVE_INTTYPES_H 1
| #define HAVE_STDINT_H 1
| #define HAVE_UNISTD_H 1
| #define HAVE_ARPA_INET_H 1
| #define HAVE_FCNTL_H 1
| #define HAVE_NETDB_H 1
| #define HAVE_NETINET_IN_H 1
| #define HAVE_SYS_TIME_H 1
| #define HAVE_UNISTD_H 1
| #define HAVE_DLFCN_H 1
| #define LT_OBJDIR ".libs/"
| #define HAVE__BOOL 1
| #define HAVE_STDBOOL_H 1
| /* end confdefs.h.  */
| #include <stdio.h>
| #ifdef HAVE_SYS_TYPES_H
| # include <sys/types.h>
| #endif
| #ifdef HAVE_SYS_STAT_H
| # include <sys/stat.h>
| #endif
| #ifdef STDC_HEADERS
| # include <stdlib.h>
| # include <stddef.h>
| #else
| # ifdef HAVE_STDLIB_H
| #  include <stdlib.h>
| # endif
| #endif
| #ifdef HAVE_STRING_H
| # if !defined STDC_HEADERS && defined HAVE_MEMORY_H
| #  include <memory.h>
| # endif
| # include <string.h>
| #endif
| #ifdef HAVE_STRINGS_H
| # include <strings.h>
| #endif
| #ifdef HAVE_INTTYPES_H
| # include <inttypes.h>
| #endif
| #ifdef HAVE_STDINT_H
| # include <stdint.h>
| #endif
| #ifdef HAVE_UNISTD_H
| # include <unistd.h>
| #endif
| 	        enum { N = 16 / 2 - 1 };
| int
| main ()
| {
| static int test_array [1 - 2 * !((int16_t) (((((int16_t) 1 << N) << N) - 1) * 2 + 1)
| 		 < (int16_t) (((((int16_t) 1 << N) << N) - 1) * 2 + 2))];
| test_array [0] = 0;
| return test_array [0];
| 
|   ;
|   return 0;
| }
configure:16481: result: yes
configure:16492: checking for int32_t
configure:16492: gcc -c -g -O2  conftest.c >&5
configure:16492: $? = 0
configure:16492: gcc -c -g -O2  conftest.c >&5
conftest.c: In function 'main':
conftest.c:70:53: warning: integer overflow in expression [-Woverflow]
    < (int32_t) (((((int32_t) 1 << N) << N) - 1) * 2 + 2))];
                                                     ^
conftest.c:69:12: error: storage size of 'test_array' isn't constant
 static int test_array [1 - 2 * !((int32_t) (((((int32_t) 1 << N) << N) - 1) * 2 + 1)
            ^~~~~~~~~~
configure:16492: $? = 1
configure: failed program was:
| /* confdefs.h */
| #define PACKAGE_NAME "rcsslogplayer"
| #define PACKAGE_TARNAME "rcsslogplayer"
| #define PACKAGE_VERSION "15.2.1"
| #define PACKAGE_STRING "rcsslogplayer 15.2.1"
| #define PACKAGE_BUGREPORT "sserver-admin@users.sf.net"
| #define PACKAGE_URL ""
| #define PACKAGE "rcsslogplayer"
| #define VERSION "15.2.1"
| #define HAVE_LIBZ 1
| #define STDC_HEADERS 1
| #define HAVE_SYS_TYPES_H 1
| #define HAVE_SYS_STAT_H 1
| #define HAVE_STDLIB_H 1
| #define HAVE_STRING_H 1
| #define HAVE_MEMORY_H 1
| #define HAVE_STRINGS_H 1
| #define HAVE_INTTYPES_H 1
| #define HAVE_STDINT_H 1
| #define HAVE_UNISTD_H 1
| #define HAVE_ARPA_INET_H 1
| #define HAVE_FCNTL_H 1
| #define HAVE_NETDB_H 1
| #define HAVE_NETINET_IN_H 1
| #define HAVE_SYS_TIME_H 1
| #define HAVE_UNISTD_H 1
| #define HAVE_DLFCN_H 1
| #define LT_OBJDIR ".libs/"
| #define HAVE__BOOL 1
| #define HAVE_STDBOOL_H 1
| /* end confdefs.h.  */
| #include <stdio.h>
| #ifdef HAVE_SYS_TYPES_H
| # include <sys/types.h>
| #endif
| #ifdef HAVE_SYS_STAT_H
| # include <sys/stat.h>
| #endif
| #ifdef STDC_HEADERS
| # include <stdlib.h>
| # include <stddef.h>
| #else
| # ifdef HAVE_STDLIB_H
| #  include <stdlib.h>
| # endif
| #endif
| #ifdef HAVE_STRING_H
| # if !defined STDC_HEADERS && defined HAVE_MEMORY_H
| #  include <memory.h>
| # endif
| # include <string.h>
| #endif
| #ifdef HAVE_STRINGS_H
| # include <strings.h>
| #endif
| #ifdef HAVE_INTTYPES_H
| # include <inttypes.h>
| #endif
| #ifdef HAVE_STDINT_H
| # include <stdint.h>
| #endif
| #ifdef HAVE_UNISTD_H
| # include <unistd.h>
| #endif
| 	        enum { N = 32 / 2 - 1 };
| int
| main ()
| {
| static int test_array [1 - 2 * !((int32_t) (((((int32_t) 1 << N) << N) - 1) * 2 + 1)
| 		 < (int32_t) (((((int32_t) 1 << N) << N) - 1) * 2 + 2))];
| test_array [0] = 0;
| return test_array [0];
| 
|   ;
|   return 0;
| }
configure:16492: result: yes
configure:16503: checking for size_t
configure:16503: gcc -c -g -O2  conftest.c >&5
configure:16503: $? = 0
configure:16503: gcc -c -g -O2  conftest.c >&5
conftest.c: In function 'main':
conftest.c:68:21: error: expected expression before ')' token
 if (sizeof ((size_t)))
                     ^
configure:16503: $? = 1
configure: failed program was:
| /* confdefs.h */
| #define PACKAGE_NAME "rcsslogplayer"
| #define PACKAGE_TARNAME "rcsslogplayer"
| #define PACKAGE_VERSION "15.2.1"
| #define PACKAGE_STRING "rcsslogplayer 15.2.1"
| #define PACKAGE_BUGREPORT "sserver-admin@users.sf.net"
| #define PACKAGE_URL ""
| #define PACKAGE "rcsslogplayer"
| #define VERSION "15.2.1"
| #define HAVE_LIBZ 1
| #define STDC_HEADERS 1
| #define HAVE_SYS_TYPES_H 1
| #define HAVE_SYS_STAT_H 1
| #define HAVE_STDLIB_H 1
| #define HAVE_STRING_H 1
| #define HAVE_MEMORY_H 1
| #define HAVE_STRINGS_H 1
| #define HAVE_INTTYPES_H 1
| #define HAVE_STDINT_H 1
| #define HAVE_UNISTD_H 1
| #define HAVE_ARPA_INET_H 1
| #define HAVE_FCNTL_H 1
| #define HAVE_NETDB_H 1
| #define HAVE_NETINET_IN_H 1
| #define HAVE_SYS_TIME_H 1
| #define HAVE_UNISTD_H 1
| #define HAVE_DLFCN_H 1
| #define LT_OBJDIR ".libs/"
| #define HAVE__BOOL 1
| #define HAVE_STDBOOL_H 1
| /* end confdefs.h.  */
| #include <stdio.h>
| #ifdef HAVE_SYS_TYPES_H
| # include <sys/types.h>
| #endif
| #ifdef HAVE_SYS_STAT_H
| # include <sys/stat.h>
| #endif
| #ifdef STDC_HEADERS
| # include <stdlib.h>
| # include <stddef.h>
| #else
| # ifdef HAVE_STDLIB_H
| #  include <stdlib.h>
| # endif
| #endif
| #ifdef HAVE_STRING_H
| # if !defined STDC_HEADERS && defined HAVE_MEMORY_H
| #  include <memory.h>
| # endif
| # include <string.h>
| #endif
| #ifdef HAVE_STRINGS_H
| # include <strings.h>
| #endif
| #ifdef HAVE_INTTYPES_H
| # include <inttypes.h>
| #endif
| #ifdef HAVE_STDINT_H
| # include <stdint.h>
| #endif
| #ifdef HAVE_UNISTD_H
| # include <unistd.h>
| #endif
| int
| main ()
| {
| if (sizeof ((size_t)))
| 	    return 0;
|   ;
|   return 0;
| }
configure:16503: result: yes
configure:16514: checking whether time.h and sys/time.h may both be included
configure:16534: gcc -c -g -O2  conftest.c >&5
configure:16534: $? = 0
configure:16541: result: yes
configure:16549: checking for uint16_t
configure:16549: gcc -c -g -O2  conftest.c >&5
configure:16549: $? = 0
configure:16549: result: yes
configure:16561: checking for uint32_t
configure:16561: gcc -c -g -O2  conftest.c >&5
configure:16561: $? = 0
configure:16561: result: yes
configure:16576: checking for socklen_t
configure:16576: gcc -c -g -O2  conftest.c >&5
configure:16576: $? = 0
configure:16576: gcc -c -g -O2  conftest.c >&5
conftest.c: In function 'main':
conftest.c:41:24: error: expected expression before ')' token
 if (sizeof ((socklen_t)))
                        ^
configure:16576: $? = 1
configure: failed program was:
| /* confdefs.h */
| #define PACKAGE_NAME "rcsslogplayer"
| #define PACKAGE_TARNAME "rcsslogplayer"
| #define PACKAGE_VERSION "15.2.1"
| #define PACKAGE_STRING "rcsslogplayer 15.2.1"
| #define PACKAGE_BUGREPORT "sserver-admin@users.sf.net"
| #define PACKAGE_URL ""
| #define PACKAGE "rcsslogplayer"
| #define VERSION "15.2.1"
| #define HAVE_LIBZ 1
| #define STDC_HEADERS 1
| #define HAVE_SYS_TYPES_H 1
| #define HAVE_SYS_STAT_H 1
| #define HAVE_STDLIB_H 1
| #define HAVE_STRING_H 1
| #define HAVE_MEMORY_H 1
| #define HAVE_STRINGS_H 1
| #define HAVE_INTTYPES_H 1
| #define HAVE_STDINT_H 1
| #define HAVE_UNISTD_H 1
| #define HAVE_ARPA_INET_H 1
| #define HAVE_FCNTL_H 1
| #define HAVE_NETDB_H 1
| #define HAVE_NETINET_IN_H 1
| #define HAVE_SYS_TIME_H 1
| #define HAVE_UNISTD_H 1
| #define HAVE_DLFCN_H 1
| #define LT_OBJDIR ".libs/"
| #define HAVE__BOOL 1
| #define HAVE_STDBOOL_H 1
| #define TIME_WITH_SYS_TIME 1
| /* end confdefs.h.  */
| 
| #include <sys/types.h>
| #include <sys/socket.h>
| 
| 
| int
| main ()
| {
| if (sizeof ((socklen_t)))
| 	    return 0;
|   ;
|   return 0;
| }
configure:16576: result: yes
configure:16595: checking for ANSI C header files
configure:16699: result: yes
configure:16707: checking for pid_t
configure:16707: gcc -c -g -O2  conftest.c >&5
configure:16707: $? = 0
configure:16707: gcc -c -g -O2  conftest.c >&5
conftest.c: In function 'main':
conftest.c:71:20: error: expected expression before ')' token
 if (sizeof ((pid_t)))
                    ^
configure:16707: $? = 1
configure: failed program was:
| /* confdefs.h */
| #define PACKAGE_NAME "rcsslogplayer"
| #define PACKAGE_TARNAME "rcsslogplayer"
| #define PACKAGE_VERSION "15.2.1"
| #define PACKAGE_STRING "rcsslogplayer 15.2.1"
| #define PACKAGE_BUGREPORT "sserver-admin@users.sf.net"
| #define PACKAGE_URL ""
| #define PACKAGE "rcsslogplayer"
| #define VERSION "15.2.1"
| #define HAVE_LIBZ 1
| #define STDC_HEADERS 1
| #define HAVE_SYS_TYPES_H 1
| #define HAVE_SYS_STAT_H 1
| #define HAVE_STDLIB_H 1
| #define HAVE_STRING_H 1
| #define HAVE_MEMORY_H 1
| #define HAVE_STRINGS_H 1
| #define HAVE_INTTYPES_H 1
| #define HAVE_STDINT_H 1
| #define HAVE_UNISTD_H 1
| #define HAVE_ARPA_INET_H 1
| #define HAVE_FCNTL_H 1
| #define HAVE_NETDB_H 1
| #define HAVE_NETINET_IN_H 1
| #define HAVE_SYS_TIME_H 1
| #define HAVE_UNISTD_H 1
| #define HAVE_DLFCN_H 1
| #define LT_OBJDIR ".libs/"
| #define HAVE__BOOL 1
| #define HAVE_STDBOOL_H 1
| #define TIME_WITH_SYS_TIME 1
| #define HAVE_SOCKLEN_T 1
| #define STDC_HEADERS 1
| /* end confdefs.h.  */
| #include <stdio.h>
| #ifdef HAVE_SYS_TYPES_H
| # include <sys/types.h>
| #endif
| #ifdef HAVE_SYS_STAT_H
| # include <sys/stat.h>
| #endif
| #ifdef STDC_HEADERS
| # include <stdlib.h>
| # include <stddef.h>
| #else
| # ifdef HAVE_STDLIB_H
| #  include <stdlib.h>
| # endif
| #endif
| #ifdef HAVE_STRING_H
| # if !defined STDC_HEADERS && defined HAVE_MEMORY_H
| #  include <memory.h>
| # endif
| # include <string.h>
| #endif
| #ifdef HAVE_STRINGS_H
| # include <strings.h>
| #endif
| #ifdef HAVE_INTTYPES_H
| # include <inttypes.h>
| #endif
| #ifdef HAVE_STDINT_H
| # include <stdint.h>
| #endif
| #ifdef HAVE_UNISTD_H
| # include <unistd.h>
| #endif
| int
| main ()
| {
| if (sizeof ((pid_t)))
| 	    return 0;
|   ;
|   return 0;
| }
configure:16707: result: yes
configure:16720: checking vfork.h usability
configure:16720: gcc -c -g -O2  conftest.c >&5
conftest.c:68:10: fatal error: vfork.h: No such file or directory
 #include <vfork.h>
          ^~~~~~~~~
compilation terminated.
configure:16720: $? = 1
configure: failed program was:
| /* confdefs.h */
| #define PACKAGE_NAME "rcsslogplayer"
| #define PACKAGE_TARNAME "rcsslogplayer"
| #define PACKAGE_VERSION "15.2.1"
| #define PACKAGE_STRING "rcsslogplayer 15.2.1"
| #define PACKAGE_BUGREPORT "sserver-admin@users.sf.net"
| #define PACKAGE_URL ""
| #define PACKAGE "rcsslogplayer"
| #define VERSION "15.2.1"
| #define HAVE_LIBZ 1
| #define STDC_HEADERS 1
| #define HAVE_SYS_TYPES_H 1
| #define HAVE_SYS_STAT_H 1
| #define HAVE_STDLIB_H 1
| #define HAVE_STRING_H 1
| #define HAVE_MEMORY_H 1
| #define HAVE_STRINGS_H 1
| #define HAVE_INTTYPES_H 1
| #define HAVE_STDINT_H 1
| #define HAVE_UNISTD_H 1
| #define HAVE_ARPA_INET_H 1
| #define HAVE_FCNTL_H 1
| #define HAVE_NETDB_H 1
| #define HAVE_NETINET_IN_H 1
| #define HAVE_SYS_TIME_H 1
| #define HAVE_UNISTD_H 1
| #define HAVE_DLFCN_H 1
| #define LT_OBJDIR ".libs/"
| #define HAVE__BOOL 1
| #define HAVE_STDBOOL_H 1
| #define TIME_WITH_SYS_TIME 1
| #define HAVE_SOCKLEN_T 1
| #define STDC_HEADERS 1
| /* end confdefs.h.  */
| #include <stdio.h>
| #ifdef HAVE_SYS_TYPES_H
| # include <sys/types.h>
| #endif
| #ifdef HAVE_SYS_STAT_H
| # include <sys/stat.h>
| #endif
| #ifdef STDC_HEADERS
| # include <stdlib.h>
| # include <stddef.h>
| #else
| # ifdef HAVE_STDLIB_H
| #  include <stdlib.h>
| # endif
| #endif
| #ifdef HAVE_STRING_H
| # if !defined STDC_HEADERS && defined HAVE_MEMORY_H
| #  include <memory.h>
| # endif
| # include <string.h>
| #endif
| #ifdef HAVE_STRINGS_H
| # include <strings.h>
| #endif
| #ifdef HAVE_INTTYPES_H
| # include <inttypes.h>
| #endif
| #ifdef HAVE_STDINT_H
| # include <stdint.h>
| #endif
| #ifdef HAVE_UNISTD_H
| # include <unistd.h>
| #endif
| #include <vfork.h>
configure:16720: result: no
configure:16720: checking vfork.h presence
configure:16720: gcc -E  conftest.c
conftest.c:35:10: fatal error: vfork.h: No such file or directory
 #include <vfork.h>
          ^~~~~~~~~
compilation terminated.
configure:16720: $? = 1
configure: failed program was:
| /* confdefs.h */
| #define PACKAGE_NAME "rcsslogplayer"
| #define PACKAGE_TARNAME "rcsslogplayer"
| #define PACKAGE_VERSION "15.2.1"
| #define PACKAGE_STRING "rcsslogplayer 15.2.1"
| #define PACKAGE_BUGREPORT "sserver-admin@users.sf.net"
| #define PACKAGE_URL ""
| #define PACKAGE "rcsslogplayer"
| #define VERSION "15.2.1"
| #define HAVE_LIBZ 1
| #define STDC_HEADERS 1
| #define HAVE_SYS_TYPES_H 1
| #define HAVE_SYS_STAT_H 1
| #define HAVE_STDLIB_H 1
| #define HAVE_STRING_H 1
| #define HAVE_MEMORY_H 1
| #define HAVE_STRINGS_H 1
| #define HAVE_INTTYPES_H 1
| #define HAVE_STDINT_H 1
| #define HAVE_UNISTD_H 1
| #define HAVE_ARPA_INET_H 1
| #define HAVE_FCNTL_H 1
| #define HAVE_NETDB_H 1
| #define HAVE_NETINET_IN_H 1
| #define HAVE_SYS_TIME_H 1
| #define HAVE_UNISTD_H 1
| #define HAVE_DLFCN_H 1
| #define LT_OBJDIR ".libs/"
| #define HAVE__BOOL 1
| #define HAVE_STDBOOL_H 1
| #define TIME_WITH_SYS_TIME 1
| #define HAVE_SOCKLEN_T 1
| #define STDC_HEADERS 1
| /* end confdefs.h.  */
| #include <vfork.h>
configure:16720: result: no
configure:16720: checking for vfork.h
configure:16720: result: no
configure:16733: checking for fork
configure:16733: gcc -o conftest -g -O2   conftest.c -lz -lm  >&5
conftest.c:58:6: warning: conflicting types for built-in function 'fork' [-Wbuiltin-declaration-mismatch]
 char fork ();
      ^~~~
configure:16733: $? = 0
configure:16733: result: yes
configure:16733: checking for vfork
configure:16733: gcc -o conftest -g -O2   conftest.c -lz -lm  >&5
configure:16733: $? = 0
configure:16733: result: yes
configure:16743: checking for working fork
configure:16765: gcc -o conftest -g -O2   conftest.c -lz -lm  >&5
configure:16765: $? = 0
configure:16765: ./conftest
configure:16765: $? = 0
configure:16775: result: yes
configure:16796: checking for working vfork
configure:16906: result: yes
configure:16934: checking sys/select.h usability
configure:16934: gcc -c -g -O2  conftest.c >&5
configure:16934: $? = 0
configure:16934: result: yes
configure:16934: checking sys/select.h presence
configure:16934: gcc -E  conftest.c
configure:16934: $? = 0
configure:16934: result: yes
configure:16934: checking for sys/select.h
configure:16934: result: yes
configure:16934: checking sys/socket.h usability
configure:16934: gcc -c -g -O2  conftest.c >&5
configure:16934: $? = 0
configure:16934: result: yes
configure:16934: checking sys/socket.h presence
configure:16934: gcc -E  conftest.c
configure:16934: $? = 0
configure:16934: result: yes
configure:16934: checking for sys/socket.h
configure:16934: result: yes
configure:16944: checking types of arguments for select
configure:16972: gcc -c -g -O2  conftest.c >&5
configure:16972: $? = 0
configure:16983: result: int,fd_set *,struct timeval *
configure:17009: checking for gethostbyname
configure:17009: gcc -o conftest -g -O2   conftest.c -lz -lm  >&5
configure:17009: $? = 0
configure:17009: result: yes
configure:17009: checking for inet_ntoa
configure:17009: gcc -o conftest -g -O2   conftest.c -lz -lm  >&5
configure:17009: $? = 0
configure:17009: result: yes
configure:17009: checking for memset
configure:17009: gcc -o conftest -g -O2   conftest.c -lz -lm  >&5
conftest.c:69:6: warning: conflicting types for built-in function 'memset' [-Wbuiltin-declaration-mismatch]
 char memset ();
      ^~~~~~
configure:17009: $? = 0
configure:17009: result: yes
configure:17009: checking for pow
configure:17009: gcc -o conftest -g -O2   conftest.c -lz -lm  >&5
conftest.c:70:6: warning: conflicting types for built-in function 'pow' [-Wbuiltin-declaration-mismatch]
 char pow ();
      ^~~
configure:17009: $? = 0
configure:17009: result: yes
configure:17021: checking for pow
configure:17021: result: yes
configure:17021: checking for rint
configure:17021: gcc -o conftest -g -O2   conftest.c -lz -lm  >&5
conftest.c:72:6: warning: conflicting types for built-in function 'rint' [-Wbuiltin-declaration-mismatch]
 char rint ();
      ^~~~
configure:17021: $? = 0
configure:17021: result: yes
configure:17021: checking for select
configure:17021: gcc -o conftest -g -O2   conftest.c -lz -lm  >&5
configure:17021: $? = 0
configure:17021: result: yes
configure:17021: checking for socket
configure:17021: gcc -o conftest -g -O2   conftest.c -lz -lm  >&5
configure:17021: $? = 0
configure:17021: result: yes
configure:17021: checking for sqrt
configure:17021: gcc -o conftest -g -O2   conftest.c -lz -lm  >&5
conftest.c:75:6: warning: conflicting types for built-in function 'sqrt' [-Wbuiltin-declaration-mismatch]
 char sqrt ();
      ^~~~
configure:17021: $? = 0
configure:17021: result: yes
configure:17021: checking for strerror
configure:17021: gcc -o conftest -g -O2   conftest.c -lz -lm  >&5
configure:17021: $? = 0
configure:17021: result: yes
configure:17021: checking for strtol
configure:17021: gcc -o conftest -g -O2   conftest.c -lz -lm  >&5
configure:17021: $? = 0
configure:17021: result: yes
configure:17082: checking for boostlib >= 1.32.0
configure:17165: g++ -c -g -O2  -I/usr/include conftest.cpp >&5
configure:17165: $? = 0
configure:17167: result: yes
configure:17352: checking whether the Boost::Program_Options library is available
configure:17376: g++ -c -g -O2  -I/usr/include conftest.cpp >&5
configure:17376: $? = 0
configure:17390: result: yes
configure:17401: checking for exit in -lboost_program_options
configure:17426: gcc -o conftest -g -O2  -I/usr/include  -L/usr/lib/x86_64-linux-gnu conftest.c -lboost_program_options  -lz -lm  >&5
conftest.c:64:6: warning: conflicting types for built-in function 'exit' [-Wbuiltin-declaration-mismatch]
 char exit ();
      ^~~~
configure:17426: $? = 0
configure:17436: result: yes
configure:17621: checking for pkg-config
configure:17639: found /usr/bin/pkg-config
configure:17651: result: /usr/bin/pkg-config
configure:17676: checking pkg-config is at least version 0.9.0
configure:17679: result: yes
configure:17693: set QT4_REQUIRED_VERSION... 4.1.0
configure:17695: set QT4_REQUIRED_MODULES... QtCore QtGui QtNetwork
configure:17704: checking for pkg-config
configure:17735: result: /usr/bin/pkg-config
configure:17748: check QtCore >= 4.1.0
configure:17752: checking for Qt4
configure:17759: $PKG_CONFIG --exists --print-errors "$mod >= $QT4_REQUIRED_VERSION"
configure:17762: $? = 0
configure:17776: $PKG_CONFIG --exists --print-errors "$mod >= $QT4_REQUIRED_VERSION"
configure:17779: $? = 0
configure:17817: result: yes
configure:17748: check QtGui >= 4.1.0
configure:17752: checking for Qt4
configure:17817: result: yes
configure:17748: check QtNetwork >= 4.1.0
configure:17752: checking for Qt4
configure:17817: result: yes
configure:17831: set QT4_CXXFLAGS... -DQT_SHARED -I/usr/include/qt4 -I/usr/include/qt4/QtGui -I/usr/include/qt4 -I/usr/include/qt4/QtNetwork -I/usr/include/qt4 -I/usr/include/qt4/QtCore
configure:17833: set QT4_LDFLAGS... -L/usr/X11R6/lib64
configure:17835: set QT4_LDADD... -pthread -lQtGui -lQtCore -lfontconfig -lpthread -laudio -lXt -lgthread-2.0 -lglib-2.0 -lpng -lz -lfreetype -lgobject-2.0 -lglib-2.0 -lSM -lICE -lXi -lXrender -lfontconfig -lfreetype -lXext -lX11 -lm -lQtNetwork -lQtCore -lfontconfig -lpthread -lz -lQtCore -lfontconfig -lpthread -lz -lm -ldl -lgthread-2.0 -lglib-2.0 -lrt
configure:17874: set QT4_MOC... /usr/share/qt4/bin/moc
configure:17996: checking that generated files are newer than configure
configure:18002: result: done
configure:18029: creating ./config.status

## ---------------- ##
## Cache variables. ##
## ---------------- ##

ac_cv_build=x86_64-pc-linux-gnu
ac_cv_c_compiler_gnu=yes
ac_cv_c_const=yes
ac_cv_c_inline=inline
ac_cv_c_int16_t=yes
ac_cv_c_int32_t=yes
ac_cv_c_uint16_t=yes
ac_cv_c_uint32_t=yes
ac_cv_cxx_compiler_gnu=yes
ac_cv_env_CCC_set=
ac_cv_env_CCC_value=
ac_cv_env_CC_set=
ac_cv_env_CC_value=
ac_cv_env_CFLAGS_set=
ac_cv_env_CFLAGS_value=
ac_cv_env_CPPFLAGS_set=
ac_cv_env_CPPFLAGS_value=
ac_cv_env_CPP_set=
ac_cv_env_CPP_value=
ac_cv_env_CXXCPP_set=
ac_cv_env_CXXCPP_value=
ac_cv_env_CXXFLAGS_set=
ac_cv_env_CXXFLAGS_value=
ac_cv_env_CXX_set=
ac_cv_env_CXX_value=
ac_cv_env_LDFLAGS_set=
ac_cv_env_LDFLAGS_value=
ac_cv_env_LIBS_set=
ac_cv_env_LIBS_value=
ac_cv_env_LT_SYS_LIBRARY_PATH_set=
ac_cv_env_LT_SYS_LIBRARY_PATH_value=
ac_cv_env_PKG_CONFIG_LIBDIR_set=
ac_cv_env_PKG_CONFIG_LIBDIR_value=
ac_cv_env_PKG_CONFIG_PATH_set=
ac_cv_env_PKG_CONFIG_PATH_value=
ac_cv_env_PKG_CONFIG_set=
ac_cv_env_PKG_CONFIG_value=
ac_cv_env_Qt4_CFLAGS_set=
ac_cv_env_Qt4_CFLAGS_value=
ac_cv_env_Qt4_LIBS_set=
ac_cv_env_Qt4_LIBS_value=
ac_cv_env_build_alias_set=
ac_cv_env_build_alias_value=
ac_cv_env_host_alias_set=
ac_cv_env_host_alias_value=
ac_cv_env_target_alias_set=
ac_cv_env_target_alias_value=
ac_cv_func_fork=yes
ac_cv_func_fork_works=yes
ac_cv_func_gethostbyname=yes
ac_cv_func_inet_ntoa=yes
ac_cv_func_memset=yes
ac_cv_func_pow=yes
ac_cv_func_rint=yes
ac_cv_func_select=yes
ac_cv_func_select_args='int,fd_set *,struct timeval *'
ac_cv_func_socket=yes
ac_cv_func_sqrt=yes
ac_cv_func_strerror=yes
ac_cv_func_strtol=yes
ac_cv_func_vfork=yes
ac_cv_func_vfork_works=yes
ac_cv_header_arpa_inet_h=yes
ac_cv_header_dlfcn_h=yes
ac_cv_header_fcntl_h=yes
ac_cv_header_inttypes_h=yes
ac_cv_header_memory_h=yes
ac_cv_header_netdb_h=yes
ac_cv_header_netinet_in_h=yes
ac_cv_header_stdbool_h=yes
ac_cv_header_stdc=yes
ac_cv_header_stdint_h=yes
ac_cv_header_stdlib_h=yes
ac_cv_header_string_h=yes
ac_cv_header_strings_h=yes
ac_cv_header_sys_select_h=yes
ac_cv_header_sys_socket_h=yes
ac_cv_header_sys_stat_h=yes
ac_cv_header_sys_time_h=yes
ac_cv_header_sys_types_h=yes
ac_cv_header_time=yes
ac_cv_header_unistd_h=yes
ac_cv_header_vfork_h=no
ac_cv_host=x86_64-pc-linux-gnu
ac_cv_lib_boost_program_options___exit=yes
ac_cv_lib_m_cos=yes
ac_cv_lib_z_deflate=yes
ac_cv_objext=o
ac_cv_path_EGREP='/bin/grep -E'
ac_cv_path_FGREP='/bin/grep -F'
ac_cv_path_GREP=/bin/grep
ac_cv_path_PKG_CONFIG=/usr/bin/pkg-config
ac_cv_path_SED=/bin/sed
ac_cv_path_ac_pt_PKG_CONFIG=/usr/bin/pkg-config
ac_cv_path_install='/usr/bin/install -c'
ac_cv_path_lt_DD=/bin/dd
ac_cv_path_mkdir=/bin/mkdir
ac_cv_prog_AWK=mawk
ac_cv_prog_CPP='gcc -E'
ac_cv_prog_CXXCPP='g++ -E'
ac_cv_prog_ac_ct_AR=ar
ac_cv_prog_ac_ct_CC=gcc
ac_cv_prog_ac_ct_CXX=g++
ac_cv_prog_ac_ct_MANIFEST_TOOL=mt
ac_cv_prog_ac_ct_OBJDUMP=objdump
ac_cv_prog_ac_ct_RANLIB=ranlib
ac_cv_prog_ac_ct_STRIP=strip
ac_cv_prog_cc_c89=
ac_cv_prog_cc_g=yes
ac_cv_prog_cxx_g=yes
ac_cv_prog_make_make_set=yes
ac_cv_type__Bool=yes
ac_cv_type_pid_t=yes
ac_cv_type_size_t=yes
ac_cv_type_socklen_t=yes
am_cv_CC_dependencies_compiler_type=gcc3
am_cv_CXX_dependencies_compiler_type=gcc3
am_cv_make_support_nested_variables=yes
am_cv_prog_cc_c_o=yes
ax_cv_boost_program_options=yes
lt_cv_ar_at_file=@
lt_cv_archive_cmds_need_lc=no
lt_cv_deplibs_check_method=pass_all
lt_cv_file_magic_cmd='$MAGIC_CMD'
lt_cv_file_magic_test_file=
lt_cv_ld_reload_flag=-r
lt_cv_nm_interface='BSD nm'
lt_cv_objdir=.libs
lt_cv_path_LD=/usr/bin/ld
lt_cv_path_LDCXX='/usr/bin/ld -m elf_x86_64'
lt_cv_path_NM='/usr/bin/nm -B'
lt_cv_path_mainfest_tool=no
lt_cv_prog_compiler_c_o=yes
lt_cv_prog_compiler_c_o_CXX=yes
lt_cv_prog_compiler_pic='-fPIC -DPIC'
lt_cv_prog_compiler_pic_CXX='-fPIC -DPIC'
lt_cv_prog_compiler_pic_works=yes
lt_cv_prog_compiler_pic_works_CXX=yes
lt_cv_prog_compiler_rtti_exceptions=no
lt_cv_prog_compiler_static_works=yes
lt_cv_prog_compiler_static_works_CXX=yes
lt_cv_prog_gnu_ld=yes
lt_cv_prog_gnu_ldcxx=yes
lt_cv_sharedlib_from_linklib_cmd='printf %s\n'
lt_cv_shlibpath_overrides_runpath=yes
lt_cv_sys_global_symbol_pipe='sed -n -e '\''s/^.*[	 ]\([ABCDGIRSTW][ABCDGIRSTW]*\)[	 ][	 ]*\([_A-Za-z][_A-Za-z0-9]*\)$/\1 \2 \2/p'\'' | sed '\''/ __gnu_lto/d'\'''
lt_cv_sys_global_symbol_to_c_name_address='sed -n -e '\''s/^: \(.*\) .*$/  {"\1", (void *) 0},/p'\'' -e '\''s/^[ABCDGIRSTW][ABCDGIRSTW]* .* \(.*\)$/  {"\1", (void *) \&\1},/p'\'''
lt_cv_sys_global_symbol_to_c_name_address_lib_prefix='sed -n -e '\''s/^: \(.*\) .*$/  {"\1", (void *) 0},/p'\'' -e '\''s/^[ABCDGIRSTW][ABCDGIRSTW]* .* \(lib.*\)$/  {"\1", (void *) \&\1},/p'\'' -e '\''s/^[ABCDGIRSTW][ABCDGIRSTW]* .* \(.*\)$/  {"lib\1", (void *) \&\1},/p'\'''
lt_cv_sys_global_symbol_to_cdecl='sed -n -e '\''s/^T .* \(.*\)$/extern int \1();/p'\'' -e '\''s/^[ABCDGIRSTW][ABCDGIRSTW]* .* \(.*\)$/extern char \1;/p'\'''
lt_cv_sys_global_symbol_to_import=
lt_cv_sys_max_cmd_len=1572864
lt_cv_to_host_file_cmd=func_convert_file_noop
lt_cv_to_tool_file_cmd=func_convert_file_noop
lt_cv_truncate_bin='/bin/dd bs=4096 count=1'
pkg_cv_Qt4_CFLAGS='-DQT_SHARED -I/usr/include/qt4 -I/usr/include/qt4/QtCore'
pkg_cv_Qt4_LIBS=-lQtCore

## ----------------- ##
## Output variables. ##
## ----------------- ##

ACLOCAL='${SHELL} /home/ricky/Documents/UCL/MSc/football/venv/abm-fc/rcsslogplayer-15.2.1/missing aclocal-1.15'
AMDEPBACKSLASH='\'
AMDEP_FALSE='#'
AMDEP_TRUE=''
AMTAR='$${TAR-tar}'
AM_BACKSLASH='\'
AM_DEFAULT_V='$(AM_DEFAULT_VERBOSITY)'
AM_DEFAULT_VERBOSITY='1'
AM_V='$(V)'
AR='ar'
AUTOCONF='${SHELL} /home/ricky/Documents/UCL/MSc/football/venv/abm-fc/rcsslogplayer-15.2.1/missing autoconf'
AUTOHEADER='${SHELL} /home/ricky/Documents/UCL/MSc/football/venv/abm-fc/rcsslogplayer-15.2.1/missing autoheader'
AUTOMAKE='${SHELL} /home/ricky/Documents/UCL/MSc/football/venv/abm-fc/rcsslogplayer-15.2.1/missing automake-1.15'
AWK='mawk'
BOOST_CPPFLAGS='-I/usr/include'
BOOST_LDFLAGS='-L/usr/lib/x86_64-linux-gnu'
BOOST_PROGRAM_OPTIONS_LIB='-lboost_program_options'
CC='gcc'
CCDEPMODE='depmode=gcc3'
CFLAGS='-g -O2'
CPP='gcc -E'
CPPFLAGS=' -I/usr/include'
CXX='g++'
CXXCPP='g++ -E'
CXXDEPMODE='depmode=gcc3'
CXXFLAGS='-g -O2'
CYGPATH_W='echo'
DEFS='-DHAVE_CONFIG_H'
DEPDIR='.deps'
DLLTOOL='false'
DSYMUTIL=''
DUMPBIN=''
ECHO_C=''
ECHO_N='-n'
ECHO_T=''
EGREP='/bin/grep -E'
EXEEXT=''
FGREP='/bin/grep -F'
GREP='/bin/grep'
INSTALL_DATA='${INSTALL} -m 644'
INSTALL_PROGRAM='${INSTALL}'
INSTALL_SCRIPT='${INSTALL}'
INSTALL_STRIP_PROGRAM='$(install_sh) -c -s'
LD='/usr/bin/ld -m elf_x86_64'
LDFLAGS=' -L/usr/lib/x86_64-linux-gnu'
LIBOBJS=''
LIBS='-lz -lm '
LIBTOOL='$(SHELL) $(top_builddir)/libtool'
LIBTOOL_DEPS='./ltmain.sh'
LIPO=''
LN_S='ln -s'
LTLIBOBJS=''
LT_SYS_LIBRARY_PATH=''
MAKEINFO='${SHELL} /home/ricky/Documents/UCL/MSc/football/venv/abm-fc/rcsslogplayer-15.2.1/missing makeinfo'
MANIFEST_TOOL=':'
MKDIR_P='/bin/mkdir -p'
NM='/usr/bin/nm -B'
NMEDIT=''
OBJDUMP='objdump'
OBJEXT='o'
OTOOL64=''
OTOOL=''
PACKAGE='rcsslogplayer'
PACKAGE_BUGREPORT='sserver-admin@users.sf.net'
PACKAGE_NAME='rcsslogplayer'
PACKAGE_STRING='rcsslogplayer 15.2.1'
PACKAGE_TARNAME='rcsslogplayer'
PACKAGE_URL=''
PACKAGE_VERSION='15.2.1'
PATH_SEPARATOR=':'
PKG_CONFIG='/usr/bin/pkg-config'
PKG_CONFIG_LIBDIR=''
PKG_CONFIG_PATH=''
QT4_CFLAGS='-DQT_SHARED -I/usr/include/qt4 -I/usr/include/qt4/QtGui -I/usr/include/qt4 -I/usr/include/qt4/QtNetwork -I/usr/include/qt4 -I/usr/include/qt4/QtCore'
QT4_CPPFLAGS=''
QT4_CXXFLAGS='-DQT_SHARED -I/usr/include/qt4 -I/usr/include/qt4/QtGui -I/usr/include/qt4 -I/usr/include/qt4/QtNetwork -I/usr/include/qt4 -I/usr/include/qt4/QtCore'
QT4_LDADD='-pthread -lQtGui -lQtCore -lfontconfig -lpthread -laudio -lXt -lgthread-2.0 -lglib-2.0 -lpng -lz -lfreetype -lgobject-2.0 -lglib-2.0 -lSM -lICE -lXi -lXrender -lfontconfig -lfreetype -lXext -lX11 -lm -lQtNetwork -lQtCore -lfontconfig -lpthread -lz -lQtCore -lfontconfig -lpthread -lz -lm -ldl -lgthread-2.0 -lglib-2.0 -lrt'
QT4_LDFLAGS='-L/usr/X11R6/lib64'
QT4_MOC='/usr/share/qt4/bin/moc'
Qt4_CFLAGS='-DQT_SHARED -I/usr/include/qt4 -I/usr/include/qt4/QtCore'
Qt4_LIBS='-lQtCore'
RANLIB='ranlib'
SED='/bin/sed'
SET_MAKE=''
SHELL='/bin/bash'
STRIP='strip'
VERSION='15.2.1'
ac_ct_AR='ar'
ac_ct_CC='gcc'
ac_ct_CXX='g++'
ac_ct_DUMPBIN=''
am__EXEEXT_FALSE=''
am__EXEEXT_TRUE='#'
am__fastdepCC_FALSE='#'
am__fastdepCC_TRUE=''
am__fastdepCXX_FALSE='#'
am__fastdepCXX_TRUE=''
am__include='include'
am__isrc=''
am__leading_dot='.'
am__nodep='_no'
am__quote=''
am__tar='$${TAR-tar} chof - "$$tardir"'
am__untar='$${TAR-tar} xf -'
bindir='${exec_prefix}/bin'
build='x86_64-pc-linux-gnu'
build_alias=''
build_cpu='x86_64'
build_os='linux-gnu'
build_vendor='pc'
datadir='${datarootdir}'
datarootdir='${prefix}/share'
docdir='${datarootdir}/doc/${PACKAGE_TARNAME}'
dvidir='${docdir}'
exec_prefix='${prefix}'
host='x86_64-pc-linux-gnu'
host_alias=''
host_cpu='x86_64'
host_os='linux-gnu'
host_vendor='pc'
htmldir='${docdir}'
includedir='${prefix}/include'
infodir='${datarootdir}/info'
install_sh='${SHELL} /home/ricky/Documents/UCL/MSc/football/venv/abm-fc/rcsslogplayer-15.2.1/install-sh'
libdir='${exec_prefix}/lib'
libexecdir='${exec_prefix}/libexec'
localedir='${datarootdir}/locale'
localstatedir='${prefix}/var'
mandir='${datarootdir}/man'
mkdir_p='$(MKDIR_P)'
oldincludedir='/usr/include'
pdfdir='${docdir}'
prefix='/usr/local'
program_transform_name='s,x,x,'
psdir='${docdir}'
runstatedir='${localstatedir}/run'
sbindir='${exec_prefix}/sbin'
sharedstatedir='${prefix}/com'
sysconfdir='${prefix}/etc'
target_alias=''

## ----------- ##
## confdefs.h. ##
## ----------- ##

/* confdefs.h */
#define PACKAGE_NAME "rcsslogplayer"
#define PACKAGE_TARNAME "rcsslogplayer"
#define PACKAGE_VERSION "15.2.1"
#define PACKAGE_STRING "rcsslogplayer 15.2.1"
#define PACKAGE_BUGREPORT "sserver-admin@users.sf.net"
#define PACKAGE_URL ""
#define PACKAGE "rcsslogplayer"
#define VERSION "15.2.1"
#define HAVE_LIBZ 1
#define STDC_HEADERS 1
#define HAVE_SYS_TYPES_H 1
#define HAVE_SYS_STAT_H 1
#define HAVE_STDLIB_H 1
#define HAVE_STRING_H 1
#define HAVE_MEMORY_H 1
#define HAVE_STRINGS_H 1
#define HAVE_INTTYPES_H 1
#define HAVE_STDINT_H 1
#define HAVE_UNISTD_H 1
#define HAVE_ARPA_INET_H 1
#define HAVE_FCNTL_H 1
#define HAVE_NETDB_H 1
#define HAVE_NETINET_IN_H 1
#define HAVE_SYS_TIME_H 1
#define HAVE_UNISTD_H 1
#define HAVE_DLFCN_H 1
#define LT_OBJDIR ".libs/"
#define HAVE__BOOL 1
#define HAVE_STDBOOL_H 1
#define TIME_WITH_SYS_TIME 1
#define HAVE_SOCKLEN_T 1
#define STDC_HEADERS 1
#define HAVE_FORK 1
#define HAVE_VFORK 1
#define HAVE_WORKING_VFORK 1
#define HAVE_WORKING_FORK 1
#define HAVE_SYS_SELECT_H 1
#define HAVE_SYS_SOCKET_H 1
#define SELECT_TYPE_ARG1 int
#define SELECT_TYPE_ARG234 (fd_set *)
#define SELECT_TYPE_ARG5 (struct timeval *)
#define HAVE_GETHOSTBYNAME 1
#define HAVE_INET_NTOA 1
#define HAVE_MEMSET 1
#define HAVE_POW 1
#define HAVE_POW 1
#define HAVE_RINT 1
#define HAVE_SELECT 1
#define HAVE_SOCKET 1
#define HAVE_SQRT 1
#define HAVE_STRERROR 1
#define HAVE_STRTOL 1
#define HAVE_BOOST /**/
#define HAVE_BOOST_PROGRAM_OPTIONS /**/

configure: exit 0

## ---------------------- ##
## Running config.status. ##
## ---------------------- ##

This file was extended by rcsslogplayer config.status 15.2.1, which was
generated by GNU Autoconf 2.69.  Invocation command line was

  CONFIG_FILES    = 
  CONFIG_HEADERS  = 
  CONFIG_LINKS    = 
  CONFIG_COMMANDS = 
  $ ./config.status 

on rickypc

config.status:1201: creating Makefile
config.status:1201: creating rcsslogplayer/Makefile
config.status:1201: creating tool/Makefile
config.status:1201: creating qt4/Makefile
config.status:1201: creating config.h
config.status:1382: config.h is unchanged
config.status:1430: executing depfiles commands
config.status:1430: executing libtool commands

## ---------------------- ##
## Running config.status. ##
## ---------------------- ##

This file was extended by rcsslogplayer config.status 15.2.1, which was
generated by GNU Autoconf 2.69.  Invocation command line was

  CONFIG_FILES    = 
  CONFIG_HEADERS  = 
  CONFIG_LINKS    = 
  CONFIG_COMMANDS = 
  $ ./config.status config.h

on rickypc

config.status:1201: creating config.h
config.status:1382: config.h is unchanged
